<?xml version="1.0" encoding="UTF-8"?>
<!-- Generated by org.testng.reporters.JUnitReportReporter -->
<testsuite hostname="LAPTOP-3VPUKEO5" failures="0" tests="1" name="com.edureka.testscripts.EdurekaLoginTestScripts" time="119.774" errors="0" timestamp="2019-11-16T18:53:47 EST" skipped="0">
  <testcase classname="com.edureka.testscripts.EdurekaLoginTestScripts" name="testcase_login" time="119.774"/>
</testsuite> <!-- com.edureka.testscripts.EdurekaLoginTestScripts -->
