<?xml version="1.0" encoding="UTF-8"?>
<!-- Generated by org.testng.reporters.JUnitReportReporter -->
<testsuite hostname="LAPTOP-3VPUKEO5" failures="0" tests="1" name="com.edureka.testscripts.EdurekaFramework1TestScripts" time="348.642" errors="0" timestamp="2019-11-16T21:39:00 EST" skipped="0">
  <testcase classname="com.edureka.testscripts.EdurekaFramework1TestScripts" name="testcase_login" time="348.642"/>
</testsuite> <!-- com.edureka.testscripts.EdurekaFramework1TestScripts -->
