<?xml version="1.0" encoding="UTF-8"?>
<!-- Generated by org.testng.reporters.JUnitReportReporter -->
<testsuite hostname="LAPTOP-3VPUKEO5" failures="0" tests="1" name="com.edureka.testscripts.EdurekaFrameworkModule8TestScripts" time="368.371" errors="0" timestamp="2019-11-16T21:51:05 EST" skipped="0">
  <testcase classname="com.edureka.testscripts.EdurekaFrameworkModule8TestScripts" name="testcase_login" time="368.371"/>
</testsuite> <!-- com.edureka.testscripts.EdurekaFrameworkModule8TestScripts -->
