<?xml version="1.0" encoding="UTF-8"?>
<!-- Generated by org.testng.reporters.JUnitReportReporter -->
<testsuite hostname="LAPTOP-3VPUKEO5" failures="0" tests="1" name="com.edureka.testscripts.EdurekaLogin" time="16.710" errors="0" timestamp="2019-11-11T12:02:48 EST" skipped="0">
  <testcase classname="com.edureka.testscripts.EdurekaLogin" name="tc_01_logintoedureka" time="16.710"/>
</testsuite> <!-- com.edureka.testscripts.EdurekaLogin -->
