<?xml version="1.0" encoding="UTF-8"?>
<!-- Generated by org.testng.reporters.JUnitReportReporter -->
<testsuite hostname="LAPTOP-3VPUKEO5" failures="0" tests="1" name="com.edureka.module10.EdurekaFramework2TestScripts" time="226.778" errors="0" timestamp="2019-11-19T09:15:24 EST" skipped="0">
  <testcase classname="com.edureka.module10.EdurekaFramework2TestScripts" name="testcase_Framework2" time="226.778"/>
</testsuite> <!-- com.edureka.module10.EdurekaFramework2TestScripts -->
